2026-05-26 15:19:29,206 [INFO] Starting manual enrichment script...
2026-05-26 15:19:29,206 [INFO] Fetching all canonical strains...
2026-05-26 15:19:29,385 [INFO] Found 163 strains to process.
2026-05-26 15:19:29,425 [INFO] [1/163] Processing 'Black_Jack'...
2026-05-26 15:19:29,426 [INFO] [2/163] Processing 'JL x MC7'...
2026-05-26 15:19:29,426 [INFO] [3/163] Processing 'Jacks_Cleaner'...
2026-05-26 15:19:29,458 [INFO] [4/163] Processing 'seedfinder.eu'...
2026-05-26 15:19:29,458 [INFO] [5/163] Processing 'EGd_Rt'...
2026-05-26 15:19:29,458 [INFO] [6/163] Processing 'Blueberry_Line'...
2026-05-26 15:19:29,458 [INFO] [7/163] Processing 'Temple_Flo'...
2026-05-26 15:19:29,458 [INFO] [8/163] Processing 'Blood_Wreck'...
2026-05-26 15:19:29,458 [INFO] [9/163] Processing 'Maui_Haze'...
2026-05-26 15:19:29,458 [INFO] [10/163] Processing 'Romulan'...
2026-05-26 15:19:29,458 [INFO] [11/163] Processing 'Querkle'...
2026-05-26 15:19:29,458 [INFO] [12/163] Processing 'HTAF'...
2026-05-26 15:19:29,458 [INFO] [13/163] Processing 'Afgani_#1'...
2026-05-26 15:19:29,458 [INFO] [14/163] Processing 'Afghanistan'...
2026-05-26 15:19:29,458 [INFO] [15/163] Processing 'Afgan'...
2026-05-26 15:19:29,458 [INFO] [16/163] Processing 'Northern_California_Gooey'...
2026-05-26 15:19:29,458 [INFO] [17/163] Processing 'Chem Dog 91'...
2026-05-26 15:19:29,458 [INFO] [18/163] Processing 'Jack_Cleaner'...
2026-05-26 15:19:29,458 [INFO] [19/163] Processing 'HeadBand'...
2026-05-26 15:19:29,492 [INFO] [20/163] Processing 'ChemDog'...
2026-05-26 15:19:29,492 [INFO] [21/163] Processing 'Blueberry TrainMAC F2'...
2026-05-26 15:19:29,492 [INFO] [22/163] Processing 'Blueberry Rainbow Belts #1'...
2026-05-26 15:19:29,492 [INFO] [23/163] Processing 'Chemdog_D'...
2026-05-26 15:19:29,492 [INFO] [24/163] Processing 'PK'...
2026-05-26 15:19:29,492 [INFO] [25/163] Processing 'Powdered_Donuts'...
2026-05-26 15:19:29,492 [INFO] [26/163] Processing 'BCP_Lf'...
2026-05-26 15:19:29,493 [INFO] [27/163] Processing 'Runtz_(RO3)'...
2026-05-26 15:19:29,493 [INFO] [28/163] Processing 'UK_Cheese_x_Styrofoam_Cup_#5'...
2026-05-26 15:19:29,493 [INFO] [29/163] Processing 'DB_Dried'...
2026-05-26 15:19:29,493 [INFO] [30/163] Processing 'PD_Lf'...
2026-05-26 15:19:29,493 [INFO] [31/163] Processing 'Zac_male_pollen'...
2026-05-26 15:19:29,493 [INFO] [32/163] Processing 'Peach_Ozz_x__Styrofoam_Cup_#4'...
2026-05-26 15:19:29,493 [INFO] [33/163] Processing 'PD_St'...
2026-05-26 15:19:29,493 [INFO] [34/163] Processing 'Crème_de_la_Crème_x_Pearadise_#4'...
2026-05-26 15:19:29,493 [INFO] [35/163] Processing 'Lemon_Badger_G_Auto'...
2026-05-26 15:19:29,493 [INFO] [36/163] Processing 'BCH_Rt'...
2026-05-26 15:19:29,493 [INFO] [37/163] Processing 'Passion_#1'...
2026-05-26 15:19:29,493 [INFO] [38/163] Processing 'GPie_x_GodMac_cross'...
2026-05-26 15:19:29,493 [INFO] [39/163] Processing 'Peach_Ozz_x_Styrofoam_Cup_#3'...
2026-05-26 15:19:29,493 [INFO] [40/163] Processing 'HM_Rt'...
2026-05-26 15:19:29,493 [INFO] [41/163] Processing 'EGd_St'...
2026-05-26 15:19:29,493 [INFO] [42/163] Processing 'JL_x_MandarinCookies_XX_THC_5'...
2026-05-26 15:19:29,493 [INFO] [43/163] Processing 'AST_530'...
2026-05-26 15:19:29,493 [INFO] [44/163] Processing 'Big_Red'...
2026-05-26 15:19:29,493 [INFO] [45/163] Processing 'Fresca_Melon_x_Styrofoam_Cup_#8'...
2026-05-26 15:19:29,493 [INFO] [46/163] Processing 'SLH_Rt'...
2026-05-26 15:19:29,493 [INFO] [47/163] Processing 'Crème_de_la_Crème_x_Styrofoam_Cup_#2'...
2026-05-26 15:19:29,493 [INFO] [48/163] Processing 'Tenth_Planet_(Roots)'...
2026-05-26 15:19:29,493 [INFO] [49/163] Processing 'C4'...
2026-05-26 15:19:29,493 [INFO] [50/163] Processing 'Crème_de_la_Crème_x_Pearadise_#14'...
2026-05-26 15:19:29,493 [INFO] [51/163] Processing 'Banana_Taffy_x_Styrofoam_Cup_#6'...
2026-05-26 15:19:29,493 [INFO] [52/163] Processing 'Elc.Grp._Drying'...
2026-05-26 15:19:29,493 [INFO] [53/163] Processing 'Mass_Surper_Skunk_Backcross'...
2026-05-26 15:19:29,493 [INFO] [54/163] Processing 'Crème_de_la_Crème_x_Styrofoam_Cup_#11'...
2026-05-26 15:19:29,493 [INFO] [55/163] Processing 'MAC_x_Styrofoam_Cup_#1'...
2026-05-26 15:19:29,493 [INFO] [56/163] Processing 'Horncreek_Pineapple_Kush'...
2026-05-26 15:19:29,493 [INFO] [57/163] Processing 'PG_Buds'...
2026-05-26 15:19:29,493 [INFO] [58/163] Processing 'EGf_Buds'...
2026-05-26 15:19:29,493 [INFO] [59/163] Processing 'Bolo_Runtz_x_Styrofoam_Cup_#1'...
2026-05-26 15:19:29,493 [INFO] [60/163] Processing 'Dried_Leaves'...
2026-05-26 15:19:29,493 [INFO] [61/163] Processing 'Violletta_Swag'...
2026-05-26 15:19:29,493 [INFO] [62/163] Processing 'T20_Dried'...
2026-05-26 15:19:29,493 [INFO] [63/163] Processing 'PK_St'...
2026-05-26 15:19:29,493 [INFO] [64/163] Processing 'Crème_de_la_Crème_x_Styrofoam_Cup_#12'...
2026-05-26 15:19:29,493 [INFO] [65/163] Processing 'A29'...
2026-05-26 15:19:29,493 [INFO] [66/163] Processing 'DB'...
2026-05-26 15:19:29,493 [INFO] [67/163] Processing 'Blue_Dream'...
2026-05-26 15:19:29,506 [INFO] [68/163] Processing 'Qrazy_Train'...
2026-05-26 15:19:29,524 [INFO] [69/163] Processing 'The_Original_Z_(Zk*****z)'...
2026-05-26 15:19:29,524 [INFO] [70/163] Processing 'PK_Dried'...
2026-05-26 15:19:29,524 [INFO] [71/163] Processing 'PK_Rt'...
2026-05-26 15:19:29,524 [INFO] [72/163] Processing 'Chem'91'...
2026-05-26 15:19:29,524 [INFO] [73/163] Processing 'El_Gordo_Dried'...
2026-05-26 15:19:29,524 [INFO] [74/163] Processing 'SLH_Buds'...
2026-05-26 15:19:29,524 [INFO] [75/163] Processing 'GA'...
2026-05-26 15:19:29,524 [INFO] [76/163] Processing 'DB_St'...
2026-05-26 15:19:29,524 [INFO] [77/163] Processing 'Elite_(Hemp)'...
2026-05-26 15:19:29,524 [INFO] [78/163] Processing 'JL_x_MandarinCookies_XX_THC_10'...
2026-05-26 15:19:29,524 [INFO] [79/163] Processing 'Blch_Buds'...
2026-05-26 15:19:29,524 [INFO] [80/163] Processing 'Haze'...
2026-05-26 15:19:29,524 [INFO] [81/163] Processing 'PK_Drying'...
2026-05-26 15:19:29,524 [INFO] [82/163] Processing 'Old_Town'...
2026-05-26 15:19:29,524 [INFO] [83/163] Processing 'Blch_Rt'...
2026-05-26 15:19:29,524 [INFO] [84/163] Processing 'Pineapple_God'...
2026-05-26 15:19:29,524 [INFO] [85/163] Processing 'Pink_Runtz_(VO1)'...
2026-05-26 15:19:29,524 [INFO] [86/163] Processing 'BCP_Rt'...
2026-05-26 15:19:29,524 [INFO] [87/163] Processing 'Fresca_Melon_x_Styrofoam_Cup_#6'...
2026-05-26 15:19:29,524 [INFO] [88/163] Processing 'Horncreek_Oregon_Sweetgum'...
2026-05-26 15:19:29,525 [INFO] [89/163] Processing 'Crème_de_la_Crème_x_Styrofoam_Cup_#5'...
2026-05-26 15:19:29,525 [INFO] [90/163] Processing 'BCP_St'...
2026-05-26 15:19:29,525 [INFO] [91/163] Processing 'Horncreek_Lazie_OG'...
2026-05-26 15:19:29,525 [INFO] [92/163] Processing 'Orange_Soda_x_Styrofoam_Cup_#2'...
2026-05-26 15:19:29,525 [INFO] [93/163] Processing 'Acid_Beauty'...
2026-05-26 15:19:29,525 [INFO] [94/163] Processing 'PK_Buds'...
2026-05-26 15:19:29,525 [INFO] [95/163] Processing 'White_Cherry_Gelato'...
2026-05-26 15:19:29,525 [INFO] [96/163] Processing 'Viho_Tinto'...
2026-05-26 15:19:29,525 [INFO] [97/163] Processing 'EGd_Lf'...
2026-05-26 15:19:29,525 [INFO] [98/163] Processing 'UK_Cheese_x_Styrofoam_Cup_#1'...
2026-05-26 15:19:29,525 [INFO] [99/163] Processing 'RK02_BK_(blue_Kross)'...
2026-05-26 15:19:29,525 [INFO] [100/163] Processing 'RO3_by_"3R_Bio"'...
2026-05-26 15:19:29,525 [INFO] [101/163] Processing 'Banana_Taffy_x_Styrofoam_Cup_#7'...
2026-05-26 15:19:29,525 [INFO] [102/163] Processing 'Tenth_Planet_(Leaves)'...
2026-05-26 15:19:29,525 [INFO] [103/163] Processing 'PGB_x_Tropical_Juice_Box_#2'...
2026-05-26 15:19:29,525 [INFO] [104/163] Processing 'Jack_Herer'...
2026-05-26 15:19:29,525 [INFO] [105/163] Processing 'Super_Lemon_Haze'...
2026-05-26 15:19:29,525 [INFO] [106/163] Processing 'Bolinas'...
2026-05-26 15:19:29,525 [INFO] [107/163] Processing 'Headband_BX'...
2026-05-26 15:19:29,543 [INFO] [108/163] Processing 'Jacks_Cleaner_Bx'...
2026-05-26 15:19:29,563 [INFO] [109/163] Processing 'Trainwreck'...
2026-05-26 15:19:29,567 [INFO] [110/163] Processing 'Purple Strawberry AK47 1:1'...
2026-05-26 15:19:29,567 [INFO] [111/163] Processing 'ST'...
2026-05-26 15:19:29,567 [INFO] [112/163] Processing 'Deep_Bubba_Kush'...
2026-05-26 15:19:29,568 [INFO] [113/163] Processing 'Chemdawg'...
2026-05-26 15:19:29,568 [INFO] [114/163] Processing 'Pluton'...
2026-05-26 15:19:29,568 [INFO] [115/163] Processing 'Purple_Haze'...
2026-05-26 15:19:29,568 [INFO] [116/163] Processing 'USA'...
2026-05-26 15:19:29,568 [INFO] [117/163] Processing 'Lambsbread'...
2026-05-26 15:19:29,568 [INFO] [118/163] Processing 'JCB'...
2026-05-26 15:19:29,568 [INFO] [119/163] Processing 'Jack_The_Ripper'...
2026-05-26 15:19:29,568 [INFO] [120/163] Processing 'Jacks_Cleaner_2'...
2026-05-26 15:19:29,590 [INFO] [121/163] Processing 'Black_Scotti'...
2026-05-26 15:19:29,591 [INFO] [122/163] Processing 'Badger_PMR'...
2026-05-26 15:19:29,591 [INFO] [123/163] Processing 'Stardawg'...
2026-05-26 15:19:29,608 [INFO] [124/163] Processing 'JL_x_MC5'...
2026-05-26 15:19:29,608 [INFO] [125/163] Processing 'Opalo'...
2026-05-26 15:19:29,608 [INFO] [126/163] Processing 'FBS044_(Fenix_#2)'...
2026-05-26 15:19:29,608 [INFO] [127/163] Processing 'BCP'...
2026-05-26 15:19:29,608 [INFO] [128/163] Processing 'Pink_Kush'...
2026-05-26 15:19:29,608 [INFO] [129/163] Processing 'BCP_Buds'...
2026-05-26 15:19:29,608 [INFO] [130/163] Processing 'DP_Dried'...
2026-05-26 15:19:29,608 [INFO] [131/163] Processing 'Peach_Ozz_x__Styrofoam_Cup_#8'...
2026-05-26 15:19:29,609 [INFO] [132/163] Processing 'PG_Rt'...
2026-05-26 15:19:29,609 [INFO] [133/163] Processing 'Banana_Taffy_x_Styrofoam_Cup_#4'...
2026-05-26 15:19:29,609 [INFO] [134/163] Processing 'Dump_Truck_x_Tropical_Juicebox_#4'...
2026-05-26 15:19:29,609 [INFO] [135/163] Processing 'Horncreek_Tropical_Tempest'...
2026-05-26 15:19:29,609 [INFO] [136/163] Processing 'Blch'...
2026-05-26 15:19:29,609 [INFO] [137/163] Processing 'Crème_de_la_Crème_x_Styrofoam_Cup_#7'...
2026-05-26 15:19:29,609 [INFO] [138/163] Processing 'Fresca_Melon_x_Pearadise_#15'...
2026-05-26 15:19:29,609 [INFO] [139/163] Processing 'Zac_x_JL'...
2026-05-26 15:19:29,609 [INFO] [140/163] Processing 'Blch_St'...
2026-05-26 15:19:29,609 [INFO] [141/163] Processing 'Runtz_Myflora'...
2026-05-26 15:19:29,609 [INFO] [142/163] Processing 'Badger_Zero'...
2026-05-26 15:19:29,609 [INFO] [143/163] Processing 'HM_Buds'...
2026-05-26 15:19:29,609 [INFO] [144/163] Processing 'AC_DC_G'...
2026-05-26 15:19:29,609 [INFO] [145/163] Processing 'Diesel_Truck_OG_x_Kosher_Kush_#1'...
2026-05-26 15:19:29,609 [INFO] [146/163] Processing 'FBS044_(Fenix_#1)'...
2026-05-26 15:19:29,609 [INFO] [147/163] Processing 'Donnie_Burger'...
2026-05-26 15:19:29,609 [INFO] [148/163] Processing 'Runtz'...
2026-05-26 15:19:29,609 [INFO] [149/163] Processing 'Peach_Ozz_x_Pearadise_#2'...
2026-05-26 15:19:29,609 [INFO] [150/163] Processing 'Blueberry'...
2026-05-26 15:19:29,632 [INFO] [151/163] Processing 'Afgoo_Overdrive'...
2026-05-26 15:19:29,657 [INFO] [152/163] Processing 'Alien_Technology'...
2026-05-26 15:19:29,661 [INFO] [153/163] Processing 'Afgooey'...
2026-05-26 15:19:29,686 [INFO] [154/163] Processing 'Brain Wreck'...
2026-05-26 15:19:29,686 [INFO] [155/163] Processing 'Arcata Trainwreck'...
2026-05-26 15:19:29,686 [INFO] [156/163] Processing 'Banjo'...
2026-05-26 15:19:29,701 [INFO] [157/163] Processing 'AK47'...
2026-05-26 15:19:29,717 [INFO] [158/163] Processing 'Thailand'...
2026-05-26 15:19:29,717 [INFO] [159/163] Processing 'Tres_Dawg'...
2026-05-26 15:19:29,717 [INFO] [160/163] Processing 'Colombia'...
2026-05-26 15:19:29,717 [INFO] [161/163] Processing 'Sweet_Tooth'...
2026-05-26 15:19:29,717 [INFO] [162/163] Processing 'Mexico'...
2026-05-26 15:19:29,717 [INFO] [163/163] Processing 'Tangelo'...
2026-05-26 15:19:29,717 [INFO] Enrichment session completed: Enriched 0 strains, created 0 parent placeholders.
2026-05-26 15:19:29,728 [INFO] Successfully committed all enriched changes.
